# JRE version: OpenJDK Runtime Environment (7.0_79-b14) (build 1.7.0_79-b14)
# Java VM: OpenJDK Server VM (24.79-b02 mixed mode linux-x86 )
Heap
 PSYoungGen      total 145920K, used 16122K [0x9dbc0000, 0xa9480000, 0xb3140000)
  eden space 129792K, 0% used [0x9dbc0000,0x9dbc0000,0xa5a80000)
  from space 16128K, 99% used [0xa84c0000,0xa947e888,0xa9480000)
  to   space 16640K, 0% used [0xa5a80000,0xa5a80000,0xa6ac0000)
 ParOldGen       total 55040K, used 22826K [0x73140000, 0x76700000, 0x9dbc0000)
  object space 55040K, 41% used [0x73140000,0x7478a990,0x76700000)
 PSPermGen       total 16384K, used 4862K [0x6b140000, 0x6c140000, 0x73140000)
  object space 16384K, 29% used [0x6b140000,0x6b5ff990,0x6c140000)
GC Heap History (10 events):
Event: 2,205 GC heap after
Heap after GC invocations=4 (full 0):
 PSYoungGen      total 70144K, used 2546K [0x9dbc0000, 0xa22c0000, 0xb3140000)
  eden space 67584K, 0% used [0x9dbc0000,0x9dbc0000,0xa1dc0000)
  from space 2560K, 99% used [0xa2040000,0xa22bcb78,0xa22c0000)
  to   space 2560K, 0% used [0xa1dc0000,0xa1dc0000,0xa2040000)
 ParOldGen       total 43520K, used 22104K [0x73140000, 0x75bc0000, 0x9dbc0000)
  object space 43520K, 50% used [0x73140000,0x746d62e0,0x75bc0000)
 PSPermGen       total 16384K, used 4781K [0x6b140000, 0x6c140000, 0x73140000)
  object space 16384K, 29% used [0x6b140000,0x6b5eb4a8,0x6c140000)
}
Event: 2,643 GC heap before
{Heap before GC invocations=5 (full 0):
 PSYoungGen      total 70144K, used 70130K [0x9dbc0000, 0xa22c0000, 0xb3140000)
  eden space 67584K, 100% used [0x9dbc0000,0xa1dc0000,0xa1dc0000)
  from space 2560K, 99% used [0xa2040000,0xa22bcb78,0xa22c0000)
  to   space 2560K, 0% used [0xa1dc0000,0xa1dc0000,0xa2040000)
 ParOldGen       total 43520K, used 22104K [0x73140000, 0x75bc0000, 0x9dbc0000)
  object space 43520K, 50% used [0x73140000,0x746d62e0,0x75bc0000)
 PSPermGen       total 16384K, used 4855K [0x6b140000, 0x6c140000, 0x73140000)
  object space 16384K, 29% used [0x6b140000,0x6b5fdd30,0x6c140000)
Event: 2,690 GC heap after
Heap after GC invocations=5 (full 0):
 PSYoungGen      total 70144K, used 2552K [0x9dbc0000, 0xa81c0000, 0xb3140000)
  eden space 67584K, 0% used [0x9dbc0000,0x9dbc0000,0xa1dc0000)
  from space 2560K, 99% used [0xa1dc0000,0xa203e3b8,0xa2040000)
  to   space 17408K, 0% used [0xa70c0000,0xa70c0000,0xa81c0000)
 ParOldGen       total 43520K, used 35249K [0x73140000, 0x75bc0000, 0x9dbc0000)
  object space 43520K, 80% used [0x73140000,0x753ac4c8,0x75bc0000)
 PSPermGen       total 16384K, used 4855K [0x6b140000, 0x6c140000, 0x73140000)
  object space 16384K, 29% used [0x6b140000,0x6b5fdd30,0x6c140000)
}
Event: 2,690 GC heap before
{Heap before GC invocations=6 (full 1):
 PSYoungGen      total 70144K, used 2552K [0x9dbc0000, 0xa81c0000, 0xb3140000)
  eden space 67584K, 0% used [0x9dbc0000,0x9dbc0000,0xa1dc0000)
  from space 2560K, 99% used [0xa1dc0000,0xa203e3b8,0xa2040000)
  to   space 17408K, 0% used [0xa70c0000,0xa70c0000,0xa81c0000)
 ParOldGen       total 43520K, used 35249K [0x73140000, 0x75bc0000, 0x9dbc0000)
  object space 43520K, 80% used [0x73140000,0x753ac4c8,0x75bc0000)
 PSPermGen       total 16384K, used 4855K [0x6b140000, 0x6c140000, 0x73140000)
  object space 16384K, 29% used [0x6b140000,0x6b5fdd30,0x6c140000)
Event: 2,802 GC heap after
Heap after GC invocations=6 (full 1):
 PSYoungGen      total 70144K, used 0K [0x9dbc0000, 0xa81c0000, 0xb3140000)
  eden space 67584K, 0% used [0x9dbc0000,0x9dbc0000,0xa1dc0000)
  from space 2560K, 0% used [0xa1dc0000,0xa1dc0000,0xa2040000)
  to   space 17408K, 0% used [0xa70c0000,0xa70c0000,0xa81c0000)
 ParOldGen       total 55040K, used 16070K [0x73140000, 0x76700000, 0x9dbc0000)
  object space 55040K, 29% used [0x73140000,0x740f1998,0x76700000)
 PSPermGen       total 16384K, used 4853K [0x6b140000, 0x6c140000, 0x73140000)
  object space 16384K, 29% used [0x6b140000,0x6b5fd600,0x6c140000)
}
Event: 3,097 GC heap before
{Heap before GC invocations=7 (full 1):
 PSYoungGen      total 70144K, used 67584K [0x9dbc0000, 0xa81c0000, 0xb3140000)
  eden space 67584K, 100% used [0x9dbc0000,0xa1dc0000,0xa1dc0000)
  from space 2560K, 0% used [0xa1dc0000,0xa1dc0000,0xa2040000)
  to   space 17408K, 0% used [0xa70c0000,0xa70c0000,0xa81c0000)
 ParOldGen       total 55040K, used 16070K [0x73140000, 0x76700000, 0x9dbc0000)
  object space 55040K, 29% used [0x73140000,0x740f1998,0x76700000)
 PSPermGen       total 16384K, used 4855K [0x6b140000, 0x6c140000, 0x73140000)
  object space 16384K, 29% used [0x6b140000,0x6b5fded8,0x6c140000)
Event: 3,108 GC heap after
Heap after GC invocations=7 (full 1):
 PSYoungGen      total 114944K, used 10316K [0x9dbc0000, 0xa7b00000, 0xb3140000)
  eden space 104448K, 0% used [0x9dbc0000,0x9dbc0000,0xa41c0000)
  from space 10496K, 98% used [0xa70c0000,0xa7ad33a0,0xa7b00000)
  to   space 16640K, 0% used [0xa5a80000,0xa5a80000,0xa6ac0000)
 ParOldGen       total 55040K, used 16070K [0x73140000, 0x76700000, 0x9dbc0000)
  object space 55040K, 29% used [0x73140000,0x740f1998,0x76700000)
 PSPermGen       total 16384K, used 4855K [0x6b140000, 0x6c140000, 0x73140000)
  object space 16384K, 29% used [0x6b140000,0x6b5fded8,0x6c140000)
}
Event: 3,453 GC heap before
{Heap before GC invocations=8 (full 1):
 PSYoungGen      total 114944K, used 114764K [0x9dbc0000, 0xa7b00000, 0xb3140000)
  eden space 104448K, 100% used [0x9dbc0000,0xa41c0000,0xa41c0000)
  from space 10496K, 98% used [0xa70c0000,0xa7ad33a0,0xa7b00000)
  to   space 16640K, 0% used [0xa5a80000,0xa5a80000,0xa6ac0000)
 ParOldGen       total 55040K, used 16070K [0x73140000, 0x76700000, 0x9dbc0000)
  object space 55040K, 29% used [0x73140000,0x740f1998,0x76700000)
 PSPermGen       total 16384K, used 4859K [0x6b140000, 0x6c140000, 0x73140000)
  object space 16384K, 29% used [0x6b140000,0x6b5feda0,0x6c140000)
Event: 3,460 GC heap after
Heap after GC invocations=8 (full 1):
 PSYoungGen      total 146432K, used 6921K [0x9dbc0000, 0xa9480000, 0xb3140000)
  eden space 129792K, 0% used [0x9dbc0000,0x9dbc0000,0xa5a80000)
  from space 16640K, 41% used [0xa5a80000,0xa61425b0,0xa6ac0000)
  to   space 16128K, 0% used [0xa84c0000,0xa84c0000,0xa9480000)
 ParOldGen       total 55040K, used 16070K [0x73140000, 0x76700000, 0x9dbc0000)
  object space 55040K, 29% used [0x73140000,0x740f1998,0x76700000)
 PSPermGen       total 16384K, used 4859K [0x6b140000, 0x6c140000, 0x73140000)
  object space 16384K, 29% used [0x6b140000,0x6b5feda0,0x6c140000)
}
Event: 4,155 GC heap before
{Heap before GC invocations=9 (full 1):
 PSYoungGen      total 146432K, used 136713K [0x9dbc0000, 0xa9480000, 0xb3140000)
  eden space 129792K, 100% used [0x9dbc0000,0xa5a80000,0xa5a80000)
  from space 16640K, 41% used [0xa5a80000,0xa61425b0,0xa6ac0000)
  to   space 16128K, 0% used [0xa84c0000,0xa84c0000,0xa9480000)
 ParOldGen       total 55040K, used 16070K [0x73140000, 0x76700000, 0x9dbc0000)
  object space 55040K, 29% used [0x73140000,0x740f1998,0x76700000)
 PSPermGen       total 16384K, used 4862K [0x6b140000, 0x6c140000, 0x73140000)
  object space 16384K, 29% used [0x6b140000,0x6b5ff990,0x6c140000)

