# JRE version: OpenJDK Runtime Environment (7.0_79-b14) (build 1.7.0_79-b14)
# Java VM: OpenJDK Server VM (24.79-b02 mixed mode linux-x86 )
Heap
 PSYoungGen      total 19456K, used 2556K [0x9dbc0000, 0x9f140000, 0xb3140000)
  eden space 16896K, 0% used [0x9dbc0000,0x9dbc0000,0x9ec40000)
  from space 2560K, 99% used [0x9eec0000,0x9f13f178,0x9f140000)
  to   space 2560K, 0% used [0x9ec40000,0x9ec40000,0x9eec0000)
 ParOldGen       total 43520K, used 22847K [0x73140000, 0x75bc0000, 0x9dbc0000)
  object space 43520K, 52% used [0x73140000,0x7478fcb0,0x75bc0000)
 PSPermGen       total 16384K, used 3740K [0x6b140000, 0x6c140000, 0x73140000)
  object space 16384K, 22% used [0x6b140000,0x6b4e7290,0x6c140000)
GC Heap History (3 events):
Event: 8,852 GC heap before
{Heap before GC invocations=1 (full 0):
 PSYoungGen      total 19456K, used 16896K [0x9dbc0000, 0x9f140000, 0xb3140000)
  eden space 16896K, 100% used [0x9dbc0000,0x9ec40000,0x9ec40000)
  from space 2560K, 0% used [0x9eec0000,0x9eec0000,0x9f140000)
  to   space 2560K, 0% used [0x9ec40000,0x9ec40000,0x9eec0000)
 ParOldGen       total 43520K, used 0K [0x73140000, 0x75bc0000, 0x9dbc0000)
  object space 43520K, 0% used [0x73140000,0x73140000,0x75bc0000)
 PSPermGen       total 16384K, used 3737K [0x6b140000, 0x6c140000, 0x73140000)
  object space 16384K, 22% used [0x6b140000,0x6b4e65c8,0x6c140000)
Event: 8,964 GC heap after
Heap after GC invocations=1 (full 0):
 PSYoungGen      total 19456K, used 2552K [0x9dbc0000, 0x9f140000, 0xb3140000)
  eden space 16896K, 0% used [0x9dbc0000,0x9dbc0000,0x9ec40000)
  from space 2560K, 99% used [0x9ec40000,0x9eebe028,0x9eec0000)
  to   space 2560K, 0% used [0x9eec0000,0x9eec0000,0x9f140000)
 ParOldGen       total 43520K, used 5921K [0x73140000, 0x75bc0000, 0x9dbc0000)
  object space 43520K, 13% used [0x73140000,0x737085f8,0x75bc0000)
 PSPermGen       total 16384K, used 3737K [0x6b140000, 0x6c140000, 0x73140000)
  object space 16384K, 22% used [0x6b140000,0x6b4e65c8,0x6c140000)
}
Event: 9,265 GC heap before
{Heap before GC invocations=2 (full 0):
 PSYoungGen      total 19456K, used 19448K [0x9dbc0000, 0x9f140000, 0xb3140000)
  eden space 16896K, 100% used [0x9dbc0000,0x9ec40000,0x9ec40000)
  from space 2560K, 99% used [0x9ec40000,0x9eebe028,0x9eec0000)
  to   space 2560K, 0% used [0x9eec0000,0x9eec0000,0x9f140000)
 ParOldGen       total 43520K, used 5921K [0x73140000, 0x75bc0000, 0x9dbc0000)
  object space 43520K, 13% used [0x73140000,0x737085f8,0x75bc0000)
 PSPermGen       total 16384K, used 3740K [0x6b140000, 0x6c140000, 0x73140000)
  object space 16384K, 22% used [0x6b140000,0x6b4e7290,0x6c140000)

