# JRE version: OpenJDK Runtime Environment (7.0_79-b14) (build 1.7.0_79-b14)
# Java VM: OpenJDK Server VM (24.79-b02 mixed mode linux-x86 )
Heap
 PSYoungGen      total 59904K, used 2547K [0x9dbc0000, 0xa22c0000, 0xb3140000)
  eden space 57344K, 0% used [0x9dbc0000,0x9dbc0000,0xa13c0000)
  from space 2560K, 99% used [0xa1dc0000,0xa203cf70,0xa2040000)
  to   space 2560K, 0% used [0xa2040000,0xa2040000,0xa22c0000)
 ParOldGen       total 89600K, used 72383K [0x73140000, 0x788c0000, 0x9dbc0000)
  object space 89600K, 80% used [0x73140000,0x777efc28,0x788c0000)
 PSPermGen       total 16384K, used 3905K [0x6b140000, 0x6c140000, 0x73140000)
  object space 16384K, 23% used [0x6b140000,0x6b5104f8,0x6c140000)
GC Heap History (10 events):
Event: 3,256 GC heap after
Heap after GC invocations=1 (full 0):
 PSYoungGen      total 19456K, used 2556K [0x9dbc0000, 0xa01c0000, 0xb3140000)
  eden space 16896K, 0% used [0x9dbc0000,0x9dbc0000,0x9ec40000)
  from space 2560K, 99% used [0x9ec40000,0x9eebf208,0x9eec0000)
  to   space 2560K, 0% used [0x9ff40000,0x9ff40000,0xa01c0000)
 ParOldGen       total 43520K, used 5520K [0x73140000, 0x75bc0000, 0x9dbc0000)
  object space 43520K, 12% used [0x73140000,0x736a43b8,0x75bc0000)
 PSPermGen       total 16384K, used 3741K [0x6b140000, 0x6c140000, 0x73140000)
  object space 16384K, 22% used [0x6b140000,0x6b4e7480,0x6c140000)
}
Event: 3,332 GC heap before
{Heap before GC invocations=2 (full 0):
 PSYoungGen      total 19456K, used 19452K [0x9dbc0000, 0xa01c0000, 0xb3140000)
  eden space 16896K, 100% used [0x9dbc0000,0x9ec40000,0x9ec40000)
  from space 2560K, 99% used [0x9ec40000,0x9eebf208,0x9eec0000)
  to   space 2560K, 0% used [0x9ff40000,0x9ff40000,0xa01c0000)
 ParOldGen       total 43520K, used 5520K [0x73140000, 0x75bc0000, 0x9dbc0000)
  object space 43520K, 12% used [0x73140000,0x736a43b8,0x75bc0000)
 PSPermGen       total 16384K, used 3744K [0x6b140000, 0x6c140000, 0x73140000)
  object space 16384K, 22% used [0x6b140000,0x6b4e8148,0x6c140000)
Event: 3,393 GC heap after
Heap after GC invocations=2 (full 0):
 PSYoungGen      total 36352K, used 2548K [0x9dbc0000, 0xa01c0000, 0xb3140000)
  eden space 33792K, 0% used [0x9dbc0000,0x9dbc0000,0x9fcc0000)
  from space 2560K, 99% used [0x9ff40000,0xa01bd118,0xa01c0000)
  to   space 2560K, 0% used [0x9fcc0000,0x9fcc0000,0x9ff40000)
 ParOldGen       total 43520K, used 22351K [0x73140000, 0x75bc0000, 0x9dbc0000)
  object space 43520K, 51% used [0x73140000,0x74713f88,0x75bc0000)
 PSPermGen       total 16384K, used 3744K [0x6b140000, 0x6c140000, 0x73140000)
  object space 16384K, 22% used [0x6b140000,0x6b4e8148,0x6c140000)
}
Event: 3,669 GC heap before
{Heap before GC invocations=3 (full 0):
 PSYoungGen      total 36352K, used 36340K [0x9dbc0000, 0xa01c0000, 0xb3140000)
  eden space 33792K, 100% used [0x9dbc0000,0x9fcc0000,0x9fcc0000)
  from space 2560K, 99% used [0x9ff40000,0xa01bd118,0xa01c0000)
  to   space 2560K, 0% used [0x9fcc0000,0x9fcc0000,0x9ff40000)
 ParOldGen       total 43520K, used 22351K [0x73140000, 0x75bc0000, 0x9dbc0000)
  object space 43520K, 51% used [0x73140000,0x74713f88,0x75bc0000)
 PSPermGen       total 16384K, used 3747K [0x6b140000, 0x6c140000, 0x73140000)
  object space 16384K, 22% used [0x6b140000,0x6b4e8c70,0x6c140000)
Event: 3,761 GC heap after
Heap after GC invocations=3 (full 0):
 PSYoungGen      total 36352K, used 2548K [0x9dbc0000, 0xa22c0000, 0xb3140000)
  eden space 33792K, 0% used [0x9dbc0000,0x9dbc0000,0x9fcc0000)
  from space 2560K, 99% used [0x9fcc0000,0x9ff3d118,0x9ff40000)
  to   space 2560K, 0% used [0xa2040000,0xa2040000,0xa22c0000)
 ParOldGen       total 47360K, used 47075K [0x73140000, 0x75f80000, 0x9dbc0000)
  object space 47360K, 99% used [0x73140000,0x75f38f88,0x75f80000)
 PSPermGen       total 16384K, used 3747K [0x6b140000, 0x6c140000, 0x73140000)
  object space 16384K, 22% used [0x6b140000,0x6b4e8c70,0x6c140000)
}
Event: 3,761 GC heap before
{Heap before GC invocations=4 (full 1):
 PSYoungGen      total 36352K, used 2548K [0x9dbc0000, 0xa22c0000, 0xb3140000)
  eden space 33792K, 0% used [0x9dbc0000,0x9dbc0000,0x9fcc0000)
  from space 2560K, 99% used [0x9fcc0000,0x9ff3d118,0x9ff40000)
  to   space 2560K, 0% used [0xa2040000,0xa2040000,0xa22c0000)
 ParOldGen       total 47360K, used 47075K [0x73140000, 0x75f80000, 0x9dbc0000)
  object space 47360K, 99% used [0x73140000,0x75f38f88,0x75f80000)
 PSPermGen       total 16384K, used 3747K [0x6b140000, 0x6c140000, 0x73140000)
  object space 16384K, 22% used [0x6b140000,0x6b4e8c70,0x6c140000)
Event: 4,080 GC heap after
Heap after GC invocations=4 (full 1):
 PSYoungGen      total 36352K, used 0K [0x9dbc0000, 0xa22c0000, 0xb3140000)
  eden space 33792K, 0% used [0x9dbc0000,0x9dbc0000,0x9fcc0000)
  from space 2560K, 0% used [0x9fcc0000,0x9fcc0000,0x9ff40000)
  to   space 2560K, 0% used [0xa2040000,0xa2040000,0xa22c0000)
 ParOldGen       total 89600K, used 37910K [0x73140000, 0x788c0000, 0x9dbc0000)
  object space 89600K, 42% used [0x73140000,0x75645ba0,0x788c0000)
 PSPermGen       total 16384K, used 3746K [0x6b140000, 0x6c140000, 0x73140000)
  object space 16384K, 22% used [0x6b140000,0x6b4e8800,0x6c140000)
}
Event: 6,126 GC heap before
{Heap before GC invocations=5 (full 1):
 PSYoungGen      total 36352K, used 33792K [0x9dbc0000, 0xa22c0000, 0xb3140000)
  eden space 33792K, 100% used [0x9dbc0000,0x9fcc0000,0x9fcc0000)
  from space 2560K, 0% used [0x9fcc0000,0x9fcc0000,0x9ff40000)
  to   space 2560K, 0% used [0xa2040000,0xa2040000,0xa22c0000)
 ParOldGen       total 89600K, used 37910K [0x73140000, 0x788c0000, 0x9dbc0000)
  object space 89600K, 42% used [0x73140000,0x75645ba0,0x788c0000)
 PSPermGen       total 16384K, used 3802K [0x6b140000, 0x6c140000, 0x73140000)
  object space 16384K, 23% used [0x6b140000,0x6b4f6930,0x6c140000)
Event: 6,148 GC heap after
Heap after GC invocations=5 (full 1):
 PSYoungGen      total 59904K, used 2553K [0x9dbc0000, 0xa22c0000, 0xb3140000)
  eden space 57344K, 0% used [0x9dbc0000,0x9dbc0000,0xa13c0000)
  from space 2560K, 99% used [0xa2040000,0xa22be618,0xa22c0000)
  to   space 2560K, 0% used [0xa1dc0000,0xa1dc0000,0xa2040000)
 ParOldGen       total 89600K, used 39761K [0x73140000, 0x788c0000, 0x9dbc0000)
  object space 89600K, 44% used [0x73140000,0x75814468,0x788c0000)
 PSPermGen       total 16384K, used 3802K [0x6b140000, 0x6c140000, 0x73140000)
  object space 16384K, 23% used [0x6b140000,0x6b4f6930,0x6c140000)
}
Event: 16,096 GC heap before
{Heap before GC invocations=6 (full 1):
 PSYoungGen      total 59904K, used 59897K [0x9dbc0000, 0xa22c0000, 0xb3140000)
  eden space 57344K, 100% used [0x9dbc0000,0xa13c0000,0xa13c0000)
  from space 2560K, 99% used [0xa2040000,0xa22be618,0xa22c0000)
  to   space 2560K, 0% used [0xa1dc0000,0xa1dc0000,0xa2040000)
 ParOldGen       total 89600K, used 39761K [0x73140000, 0x788c0000, 0x9dbc0000)
  object space 89600K, 44% used [0x73140000,0x75814468,0x788c0000)
 PSPermGen       total 16384K, used 3905K [0x6b140000, 0x6c140000, 0x73140000)
  object space 16384K, 23% used [0x6b140000,0x6b5104f8,0x6c140000)

