# JRE version: OpenJDK Runtime Environment (7.0_79-b14) (build 1.7.0_79-b14)
# Java VM: OpenJDK Server VM (24.79-b02 mixed mode linux-x86 )
Heap
 PSYoungGen      total 147968K, used 18935K [0x9dbc0000, 0xa82c0000, 0xb3140000)
  eden space 129024K, 0% used [0x9dbc0000,0x9dbc0000,0xa59c0000)
  from space 18944K, 99% used [0xa59c0000,0xa6c3de58,0xa6c40000)
  to   space 14848K, 0% used [0xa6c40000,0xa6c40000,0xa7ac0000)
 ParOldGen       total 43520K, used 32272K [0x73140000, 0x75bc0000, 0x9dbc0000)
  object space 43520K, 74% used [0x73140000,0x750c4188,0x75bc0000)
 PSPermGen       total 16384K, used 4296K [0x6b140000, 0x6c140000, 0x73140000)
  object space 16384K, 26% used [0x6b140000,0x6b5722a8,0x6c140000)
GC Heap History (10 events):
Event: 7,208 GC heap after
Heap after GC invocations=4 (full 0):
 PSYoungGen      total 36352K, used 2555K [0x9dbc0000, 0xa01c0000, 0xb3140000)
  eden space 33792K, 0% used [0x9dbc0000,0x9dbc0000,0x9fcc0000)
  from space 2560K, 99% used [0x9ff40000,0xa01bec48,0xa01c0000)
  to   space 2560K, 0% used [0x9fcc0000,0x9fcc0000,0x9ff40000)
 ParOldGen       total 43520K, used 8638K [0x73140000, 0x75bc0000, 0x9dbc0000)
  object space 43520K, 19% used [0x73140000,0x739af900,0x75bc0000)
 PSPermGen       total 16384K, used 3958K [0x6b140000, 0x6c140000, 0x73140000)
  object space 16384K, 24% used [0x6b140000,0x6b51da48,0x6c140000)
}
Event: 9,396 GC heap before
{Heap before GC invocations=5 (full 0):
 PSYoungGen      total 36352K, used 36347K [0x9dbc0000, 0xa01c0000, 0xb3140000)
  eden space 33792K, 100% used [0x9dbc0000,0x9fcc0000,0x9fcc0000)
  from space 2560K, 99% used [0x9ff40000,0xa01bec48,0xa01c0000)
  to   space 2560K, 0% used [0x9fcc0000,0x9fcc0000,0x9ff40000)
 ParOldGen       total 43520K, used 8638K [0x73140000, 0x75bc0000, 0x9dbc0000)
  object space 43520K, 19% used [0x73140000,0x739af900,0x75bc0000)
 PSPermGen       total 16384K, used 3982K [0x6b140000, 0x6c140000, 0x73140000)
  object space 16384K, 24% used [0x6b140000,0x6b523a88,0x6c140000)
Event: 9,437 GC heap after
Heap after GC invocations=5 (full 0):
 PSYoungGen      total 36352K, used 2547K [0x9dbc0000, 0xa2cc0000, 0xb3140000)
  eden space 33792K, 0% used [0x9dbc0000,0x9dbc0000,0x9fcc0000)
  from space 2560K, 99% used [0x9fcc0000,0x9ff3ce30,0x9ff40000)
  to   space 7680K, 0% used [0xa2540000,0xa2540000,0xa2cc0000)
 ParOldGen       total 43520K, used 14012K [0x73140000, 0x75bc0000, 0x9dbc0000)
  object space 43520K, 32% used [0x73140000,0x73eef2e8,0x75bc0000)
 PSPermGen       total 16384K, used 3982K [0x6b140000, 0x6c140000, 0x73140000)
  object space 16384K, 24% used [0x6b140000,0x6b523a88,0x6c140000)
}
Event: 11,387 GC heap before
{Heap before GC invocations=6 (full 0):
 PSYoungGen      total 36352K, used 36339K [0x9dbc0000, 0xa2cc0000, 0xb3140000)
  eden space 33792K, 100% used [0x9dbc0000,0x9fcc0000,0x9fcc0000)
  from space 2560K, 99% used [0x9fcc0000,0x9ff3ce30,0x9ff40000)
  to   space 7680K, 0% used [0xa2540000,0xa2540000,0xa2cc0000)
 ParOldGen       total 43520K, used 14012K [0x73140000, 0x75bc0000, 0x9dbc0000)
  object space 43520K, 32% used [0x73140000,0x73eef2e8,0x75bc0000)
 PSPermGen       total 16384K, used 4000K [0x6b140000, 0x6c140000, 0x73140000)
  object space 16384K, 24% used [0x6b140000,0x6b528288,0x6c140000)
Event: 11,459 GC heap after
Heap after GC invocations=6 (full 0):
 PSYoungGen      total 74240K, used 7676K [0x9dbc0000, 0xa2ec0000, 0xb3140000)
  eden space 66560K, 0% used [0x9dbc0000,0x9dbc0000,0xa1cc0000)
  from space 7680K, 99% used [0xa2540000,0xa2cbf228,0xa2cc0000)
  to   space 8704K, 0% used [0xa1cc0000,0xa1cc0000,0xa2540000)
 ParOldGen       total 43520K, used 14287K [0x73140000, 0x75bc0000, 0x9dbc0000)
  object space 43520K, 32% used [0x73140000,0x73f33ec0,0x75bc0000)
 PSPermGen       total 16384K, used 4000K [0x6b140000, 0x6c140000, 0x73140000)
  object space 16384K, 24% used [0x6b140000,0x6b528288,0x6c140000)
}
Event: 13,843 GC heap before
{Heap before GC invocations=7 (full 0):
 PSYoungGen      total 74240K, used 74236K [0x9dbc0000, 0xa2ec0000, 0xb3140000)
  eden space 66560K, 100% used [0x9dbc0000,0xa1cc0000,0xa1cc0000)
  from space 7680K, 99% used [0xa2540000,0xa2cbf228,0xa2cc0000)
  to   space 8704K, 0% used [0xa1cc0000,0xa1cc0000,0xa2540000)
 ParOldGen       total 43520K, used 14287K [0x73140000, 0x75bc0000, 0x9dbc0000)
  object space 43520K, 32% used [0x73140000,0x73f33ec0,0x75bc0000)
 PSPermGen       total 16384K, used 4017K [0x6b140000, 0x6c140000, 0x73140000)
  object space 16384K, 24% used [0x6b140000,0x6b52c5d8,0x6c140000)
Event: 13,931 GC heap after
Heap after GC invocations=7 (full 0):
 PSYoungGen      total 75264K, used 8702K [0x9dbc0000, 0xa7ac0000, 0xb3140000)
  eden space 66560K, 0% used [0x9dbc0000,0x9dbc0000,0xa1cc0000)
  from space 8704K, 99% used [0xa1cc0000,0xa253f8b0,0xa2540000)
  to   space 14848K, 0% used [0xa6c40000,0xa6c40000,0xa7ac0000)
 ParOldGen       total 43520K, used 24296K [0x73140000, 0x75bc0000, 0x9dbc0000)
  object space 43520K, 55% used [0x73140000,0x748fa008,0x75bc0000)
 PSPermGen       total 16384K, used 4017K [0x6b140000, 0x6c140000, 0x73140000)
  object space 16384K, 24% used [0x6b140000,0x6b52c5d8,0x6c140000)
}
Event: 15,999 GC heap before
{Heap before GC invocations=8 (full 0):
 PSYoungGen      total 75264K, used 75262K [0x9dbc0000, 0xa7ac0000, 0xb3140000)
  eden space 66560K, 100% used [0x9dbc0000,0xa1cc0000,0xa1cc0000)
  from space 8704K, 99% used [0xa1cc0000,0xa253f8b0,0xa2540000)
  to   space 14848K, 0% used [0xa6c40000,0xa6c40000,0xa7ac0000)
 ParOldGen       total 43520K, used 24296K [0x73140000, 0x75bc0000, 0x9dbc0000)
  object space 43520K, 55% used [0x73140000,0x748fa008,0x75bc0000)
 PSPermGen       total 16384K, used 4047K [0x6b140000, 0x6c140000, 0x73140000)
  object space 16384K, 24% used [0x6b140000,0x6b533c10,0x6c140000)
Event: 16,115 GC heap after
Heap after GC invocations=8 (full 0):
 PSYoungGen      total 143872K, used 14843K [0x9dbc0000, 0xa82c0000, 0xb3140000)
  eden space 129024K, 0% used [0x9dbc0000,0x9dbc0000,0xa59c0000)
  from space 14848K, 99% used [0xa6c40000,0xa7abeeb8,0xa7ac0000)
  to   space 18944K, 0% used [0xa59c0000,0xa59c0000,0xa6c40000)
 ParOldGen       total 43520K, used 28307K [0x73140000, 0x75bc0000, 0x9dbc0000)
  object space 43520K, 65% used [0x73140000,0x74ce4ca8,0x75bc0000)
 PSPermGen       total 16384K, used 4047K [0x6b140000, 0x6c140000, 0x73140000)
  object space 16384K, 24% used [0x6b140000,0x6b533c10,0x6c140000)
}
Event: 28,406 GC heap before
{Heap before GC invocations=9 (full 0):
 PSYoungGen      total 143872K, used 143867K [0x9dbc0000, 0xa82c0000, 0xb3140000)
  eden space 129024K, 100% used [0x9dbc0000,0xa59c0000,0xa59c0000)
  from space 14848K, 99% used [0xa6c40000,0xa7abeeb8,0xa7ac0000)
  to   space 18944K, 0% used [0xa59c0000,0xa59c0000,0xa6c40000)
 ParOldGen       total 43520K, used 28307K [0x73140000, 0x75bc0000, 0x9dbc0000)
  object space 43520K, 65% used [0x73140000,0x74ce4ca8,0x75bc0000)
 PSPermGen       total 16384K, used 4296K [0x6b140000, 0x6c140000, 0x73140000)
  object space 16384K, 26% used [0x6b140000,0x6b5722a8,0x6c140000)

