# JRE version: OpenJDK Runtime Environment (7.0_79-b14) (build 1.7.0_79-b14)
# Java VM: OpenJDK Server VM (24.79-b02 mixed mode linux-x86 )
Heap
 PSYoungGen      total 75264K, used 8700K [0x9db80000, 0xa2e80000, 0xb3100000)
  eden space 66560K, 0% used [0x9db80000,0x9db80000,0xa1c80000)
  from space 8704K, 99% used [0xa1c80000,0xa24ff178,0xa2500000)
  to   space 7680K, 0% used [0xa2500000,0xa2500000,0xa2c80000)
 ParOldGen       total 43520K, used 23267K [0x73100000, 0x75b80000, 0x9db80000)
  object space 43520K, 53% used [0x73100000,0x747b8d90,0x75b80000)
 PSPermGen       total 16384K, used 3996K [0x6b100000, 0x6c100000, 0x73100000)
  object space 16384K, 24% used [0x6b100000,0x6b4e7148,0x6c100000)
GC Heap History (10 events):
Event: 5,632 GC heap after
Heap after GC invocations=2 (full 0):
 PSYoungGen      total 19456K, used 2554K [0x9db80000, 0xa0180000, 0xb3100000)
  eden space 16896K, 0% used [0x9db80000,0x9db80000,0x9ec00000)
  from space 2560K, 99% used [0x9ee80000,0x9f0feae0,0x9f100000)
  to   space 2560K, 0% used [0x9ec00000,0x9ec00000,0x9ee80000)
 ParOldGen       total 43520K, used 3994K [0x73100000, 0x75b80000, 0x9db80000)
  object space 43520K, 9% used [0x73100000,0x734e6878,0x75b80000)
 PSPermGen       total 16384K, used 3895K [0x6b100000, 0x6c100000, 0x73100000)
  object space 16384K, 23% used [0x6b100000,0x6b4cdd70,0x6c100000)
}
Event: 7,874 GC heap before
{Heap before GC invocations=3 (full 0):
 PSYoungGen      total 19456K, used 19450K [0x9db80000, 0xa0180000, 0xb3100000)
  eden space 16896K, 100% used [0x9db80000,0x9ec00000,0x9ec00000)
  from space 2560K, 99% used [0x9ee80000,0x9f0feae0,0x9f100000)
  to   space 2560K, 0% used [0x9ec00000,0x9ec00000,0x9ee80000)
 ParOldGen       total 43520K, used 3994K [0x73100000, 0x75b80000, 0x9db80000)
  object space 43520K, 9% used [0x73100000,0x734e6878,0x75b80000)
 PSPermGen       total 16384K, used 3918K [0x6b100000, 0x6c100000, 0x73100000)
  object space 16384K, 23% used [0x6b100000,0x6b4d3b78,0x6c100000)
Event: 7,915 GC heap after
Heap after GC invocations=3 (full 0):
 PSYoungGen      total 19456K, used 2560K [0x9db80000, 0xa0180000, 0xb3100000)
  eden space 16896K, 0% used [0x9db80000,0x9db80000,0x9ec00000)
  from space 2560K, 100% used [0x9ec00000,0x9ee80000,0x9ee80000)
  to   space 2560K, 0% used [0x9ff00000,0x9ff00000,0xa0180000)
 ParOldGen       total 43520K, used 6752K [0x73100000, 0x75b80000, 0x9db80000)
  object space 43520K, 15% used [0x73100000,0x73798108,0x75b80000)
 PSPermGen       total 16384K, used 3918K [0x6b100000, 0x6c100000, 0x73100000)
  object space 16384K, 23% used [0x6b100000,0x6b4d3b78,0x6c100000)
}
Event: 9,359 GC heap before
{Heap before GC invocations=4 (full 0):
 PSYoungGen      total 19456K, used 19456K [0x9db80000, 0xa0180000, 0xb3100000)
  eden space 16896K, 100% used [0x9db80000,0x9ec00000,0x9ec00000)
  from space 2560K, 100% used [0x9ec00000,0x9ee80000,0x9ee80000)
  to   space 2560K, 0% used [0x9ff00000,0x9ff00000,0xa0180000)
 ParOldGen       total 43520K, used 6752K [0x73100000, 0x75b80000, 0x9db80000)
  object space 43520K, 15% used [0x73100000,0x73798108,0x75b80000)
 PSPermGen       total 16384K, used 3944K [0x6b100000, 0x6c100000, 0x73100000)
  object space 16384K, 24% used [0x6b100000,0x6b4da088,0x6c100000)
Event: 9,441 GC heap after
Heap after GC invocations=4 (full 0):
 PSYoungGen      total 36352K, used 2552K [0x9db80000, 0xa0180000, 0xb3100000)
  eden space 33792K, 0% used [0x9db80000,0x9db80000,0x9fc80000)
  from space 2560K, 99% used [0x9ff00000,0xa017e270,0xa0180000)
  to   space 2560K, 0% used [0x9fc80000,0x9fc80000,0x9ff00000)
 ParOldGen       total 43520K, used 9982K [0x73100000, 0x75b80000, 0x9db80000)
  object space 43520K, 22% used [0x73100000,0x73abf938,0x75b80000)
 PSPermGen       total 16384K, used 3944K [0x6b100000, 0x6c100000, 0x73100000)
  object space 16384K, 24% used [0x6b100000,0x6b4da088,0x6c100000)
}
Event: 11,186 GC heap before
{Heap before GC invocations=5 (full 0):
 PSYoungGen      total 36352K, used 36344K [0x9db80000, 0xa0180000, 0xb3100000)
  eden space 33792K, 100% used [0x9db80000,0x9fc80000,0x9fc80000)
  from space 2560K, 99% used [0x9ff00000,0xa017e270,0xa0180000)
  to   space 2560K, 0% used [0x9fc80000,0x9fc80000,0x9ff00000)
 ParOldGen       total 43520K, used 9982K [0x73100000, 0x75b80000, 0x9db80000)
  object space 43520K, 22% used [0x73100000,0x73abf938,0x75b80000)
 PSPermGen       total 16384K, used 3958K [0x6b100000, 0x6c100000, 0x73100000)
  object space 16384K, 24% used [0x6b100000,0x6b4dd828,0x6c100000)
Event: 11,216 GC heap after
Heap after GC invocations=5 (full 0):
 PSYoungGen      total 36352K, used 2552K [0x9db80000, 0xa2c80000, 0xb3100000)
  eden space 33792K, 0% used [0x9db80000,0x9db80000,0x9fc80000)
  from space 2560K, 99% used [0x9fc80000,0x9fefe300,0x9ff00000)
  to   space 7680K, 0% used [0xa2500000,0xa2500000,0xa2c80000)
 ParOldGen       total 43520K, used 14861K [0x73100000, 0x75b80000, 0x9db80000)
  object space 43520K, 34% used [0x73100000,0x73f836e8,0x75b80000)
 PSPermGen       total 16384K, used 3958K [0x6b100000, 0x6c100000, 0x73100000)
  object space 16384K, 24% used [0x6b100000,0x6b4dd828,0x6c100000)
}
Event: 12,555 GC heap before
{Heap before GC invocations=6 (full 0):
 PSYoungGen      total 36352K, used 36344K [0x9db80000, 0xa2c80000, 0xb3100000)
  eden space 33792K, 100% used [0x9db80000,0x9fc80000,0x9fc80000)
  from space 2560K, 99% used [0x9fc80000,0x9fefe300,0x9ff00000)
  to   space 7680K, 0% used [0xa2500000,0xa2500000,0xa2c80000)
 ParOldGen       total 43520K, used 14861K [0x73100000, 0x75b80000, 0x9db80000)
  object space 43520K, 34% used [0x73100000,0x73f836e8,0x75b80000)
 PSPermGen       total 16384K, used 3971K [0x6b100000, 0x6c100000, 0x73100000)
  object space 16384K, 24% used [0x6b100000,0x6b4e0c38,0x6c100000)
Event: 12,634 GC heap after
Heap after GC invocations=6 (full 0):
 PSYoungGen      total 74240K, used 7673K [0x9db80000, 0xa2e80000, 0xb3100000)
  eden space 66560K, 0% used [0x9db80000,0x9db80000,0xa1c80000)
  from space 7680K, 99% used [0xa2500000,0xa2c7e4c0,0xa2c80000)
  to   space 8704K, 0% used [0xa1c80000,0xa1c80000,0xa2500000)
 ParOldGen       total 43520K, used 14955K [0x73100000, 0x75b80000, 0x9db80000)
  object space 43520K, 34% used [0x73100000,0x73f9adb8,0x75b80000)
 PSPermGen       total 16384K, used 3971K [0x6b100000, 0x6c100000, 0x73100000)
  object space 16384K, 24% used [0x6b100000,0x6b4e0c38,0x6c100000)
}
Event: 15,788 GC heap before
{Heap before GC invocations=7 (full 0):
 PSYoungGen      total 74240K, used 74233K [0x9db80000, 0xa2e80000, 0xb3100000)
  eden space 66560K, 100% used [0x9db80000,0xa1c80000,0xa1c80000)
  from space 7680K, 99% used [0xa2500000,0xa2c7e4c0,0xa2c80000)
  to   space 8704K, 0% used [0xa1c80000,0xa1c80000,0xa2500000)
 ParOldGen       total 43520K, used 14955K [0x73100000, 0x75b80000, 0x9db80000)
  object space 43520K, 34% used [0x73100000,0x73f9adb8,0x75b80000)
 PSPermGen       total 16384K, used 3996K [0x6b100000, 0x6c100000, 0x73100000)
  object space 16384K, 24% used [0x6b100000,0x6b4e7148,0x6c100000)

