# JRE version: OpenJDK Runtime Environment (7.0_79-b14) (build 1.7.0_79-b14)
# Java VM: OpenJDK Server VM (24.79-b02 mixed mode linux-x86 )
Heap
 PSYoungGen      total 19456K, used 2544K [0x9dbc0000, 0x9f140000, 0xb3140000)
  eden space 16896K, 0% used [0x9dbc0000,0x9dbc0000,0x9ec40000)
  from space 2560K, 99% used [0x9ec40000,0x9eebc118,0x9eec0000)
  to   space 2560K, 0% used [0x9eec0000,0x9eec0000,0x9f140000)
 ParOldGen       total 43520K, used 13509K [0x73140000, 0x75bc0000, 0x9dbc0000)
  object space 43520K, 31% used [0x73140000,0x73e71470,0x75bc0000)
 PSPermGen       total 16384K, used 3941K [0x6b140000, 0x6c140000, 0x73140000)
  object space 16384K, 24% used [0x6b140000,0x6b519540,0x6c140000)
GC Heap History (9 events):
Event: 5,191 GC heap before
{Heap before GC invocations=1 (full 0):
 PSYoungGen      total 19456K, used 16896K [0x9dbc0000, 0x9f140000, 0xb3140000)
  eden space 16896K, 100% used [0x9dbc0000,0x9ec40000,0x9ec40000)
  from space 2560K, 0% used [0x9eec0000,0x9eec0000,0x9f140000)
  to   space 2560K, 0% used [0x9ec40000,0x9ec40000,0x9eec0000)
 ParOldGen       total 43520K, used 0K [0x73140000, 0x75bc0000, 0x9dbc0000)
  object space 43520K, 0% used [0x73140000,0x73140000,0x75bc0000)
 PSPermGen       total 16384K, used 3822K [0x6b140000, 0x6c140000, 0x73140000)
  object space 16384K, 23% used [0x6b140000,0x6b4fb870,0x6c140000)
Event: 5,202 GC heap after
Heap after GC invocations=1 (full 0):
 PSYoungGen      total 19456K, used 2554K [0x9dbc0000, 0x9f140000, 0xb3140000)
  eden space 16896K, 0% used [0x9dbc0000,0x9dbc0000,0x9ec40000)
  from space 2560K, 99% used [0x9ec40000,0x9eebeae0,0x9eec0000)
  to   space 2560K, 0% used [0x9eec0000,0x9eec0000,0x9f140000)
 ParOldGen       total 43520K, used 1682K [0x73140000, 0x75bc0000, 0x9dbc0000)
  object space 43520K, 3% used [0x73140000,0x732e4978,0x75bc0000)
 PSPermGen       total 16384K, used 3822K [0x6b140000, 0x6c140000, 0x73140000)
  object space 16384K, 23% used [0x6b140000,0x6b4fb870,0x6c140000)
}
Event: 7,986 GC heap before
{Heap before GC invocations=2 (full 0):
 PSYoungGen      total 19456K, used 19450K [0x9dbc0000, 0x9f140000, 0xb3140000)
  eden space 16896K, 100% used [0x9dbc0000,0x9ec40000,0x9ec40000)
  from space 2560K, 99% used [0x9ec40000,0x9eebeae0,0x9eec0000)
  to   space 2560K, 0% used [0x9eec0000,0x9eec0000,0x9f140000)
 ParOldGen       total 43520K, used 1682K [0x73140000, 0x75bc0000, 0x9dbc0000)
  object space 43520K, 3% used [0x73140000,0x732e4978,0x75bc0000)
 PSPermGen       total 16384K, used 3903K [0x6b140000, 0x6c140000, 0x73140000)
  object space 16384K, 23% used [0x6b140000,0x6b50fe18,0x6c140000)
Event: 8,000 GC heap after
Heap after GC invocations=2 (full 0):
 PSYoungGen      total 19456K, used 2555K [0x9dbc0000, 0x9f140000, 0xb3140000)
  eden space 16896K, 0% used [0x9dbc0000,0x9dbc0000,0x9ec40000)
  from space 2560K, 99% used [0x9eec0000,0x9f13ef70,0x9f140000)
  to   space 2560K, 0% used [0x9ec40000,0x9ec40000,0x9eec0000)
 ParOldGen       total 43520K, used 4963K [0x73140000, 0x75bc0000, 0x9dbc0000)
  object space 43520K, 11% used [0x73140000,0x73618f90,0x75bc0000)
 PSPermGen       total 16384K, used 3903K [0x6b140000, 0x6c140000, 0x73140000)
  object space 16384K, 23% used [0x6b140000,0x6b50fe18,0x6c140000)
}
Event: 10,371 GC heap before
{Heap before GC invocations=3 (full 0):
 PSYoungGen      total 19456K, used 19451K [0x9dbc0000, 0x9f140000, 0xb3140000)
  eden space 16896K, 100% used [0x9dbc0000,0x9ec40000,0x9ec40000)
  from space 2560K, 99% used [0x9eec0000,0x9f13ef70,0x9f140000)
  to   space 2560K, 0% used [0x9ec40000,0x9ec40000,0x9eec0000)
 ParOldGen       total 43520K, used 4963K [0x73140000, 0x75bc0000, 0x9dbc0000)
  object space 43520K, 11% used [0x73140000,0x73618f90,0x75bc0000)
 PSPermGen       total 16384K, used 3925K [0x6b140000, 0x6c140000, 0x73140000)
  object space 16384K, 23% used [0x6b140000,0x6b5157e0,0x6c140000)
Event: 10,399 GC heap after
Heap after GC invocations=3 (full 0):
 PSYoungGen      total 19456K, used 2552K [0x9dbc0000, 0x9f140000, 0xb3140000)
  eden space 16896K, 0% used [0x9dbc0000,0x9dbc0000,0x9ec40000)
  from space 2560K, 99% used [0x9ec40000,0x9eebe050,0x9eec0000)
  to   space 2560K, 0% used [0x9eec0000,0x9eec0000,0x9f140000)
 ParOldGen       total 43520K, used 7445K [0x73140000, 0x75bc0000, 0x9dbc0000)
  object space 43520K, 17% used [0x73140000,0x73885438,0x75bc0000)
 PSPermGen       total 16384K, used 3925K [0x6b140000, 0x6c140000, 0x73140000)
  object space 16384K, 23% used [0x6b140000,0x6b5157e0,0x6c140000)
}
Event: 12,108 GC heap before
{Heap before GC invocations=4 (full 0):
 PSYoungGen      total 19456K, used 19448K [0x9dbc0000, 0x9f140000, 0xb3140000)
  eden space 16896K, 100% used [0x9dbc0000,0x9ec40000,0x9ec40000)
  from space 2560K, 99% used [0x9ec40000,0x9eebe050,0x9eec0000)
  to   space 2560K, 0% used [0x9eec0000,0x9eec0000,0x9f140000)
 ParOldGen       total 43520K, used 7445K [0x73140000, 0x75bc0000, 0x9dbc0000)
  object space 43520K, 17% used [0x73140000,0x73885438,0x75bc0000)
 PSPermGen       total 16384K, used 3935K [0x6b140000, 0x6c140000, 0x73140000)
  object space 16384K, 24% used [0x6b140000,0x6b517f38,0x6c140000)
Event: 12,133 GC heap after
Heap after GC invocations=4 (full 0):
 PSYoungGen      total 19456K, used 2544K [0x9dbc0000, 0x9f140000, 0xb3140000)
  eden space 16896K, 0% used [0x9dbc0000,0x9dbc0000,0x9ec40000)
  from space 2560K, 99% used [0x9eec0000,0x9f13c060,0x9f140000)
  to   space 2560K, 0% used [0x9ec40000,0x9ec40000,0x9eec0000)
 ParOldGen       total 43520K, used 10471K [0x73140000, 0x75bc0000, 0x9dbc0000)
  object space 43520K, 24% used [0x73140000,0x73b79cb8,0x75bc0000)
 PSPermGen       total 16384K, used 3935K [0x6b140000, 0x6c140000, 0x73140000)
  object space 16384K, 24% used [0x6b140000,0x6b517f38,0x6c140000)
}
Event: 14,404 GC heap before
{Heap before GC invocations=5 (full 0):
 PSYoungGen      total 19456K, used 19440K [0x9dbc0000, 0x9f140000, 0xb3140000)
  eden space 16896K, 100% used [0x9dbc0000,0x9ec40000,0x9ec40000)
  from space 2560K, 99% used [0x9eec0000,0x9f13c060,0x9f140000)
  to   space 2560K, 0% used [0x9ec40000,0x9ec40000,0x9eec0000)
 ParOldGen       total 43520K, used 10471K [0x73140000, 0x75bc0000, 0x9dbc0000)
  object space 43520K, 24% used [0x73140000,0x73b79cb8,0x75bc0000)
 PSPermGen       total 16384K, used 3941K [0x6b140000, 0x6c140000, 0x73140000)
  object space 16384K, 24% used [0x6b140000,0x6b519540,0x6c140000)

