# JRE version: OpenJDK Runtime Environment (7.0_79-b14) (build 1.7.0_79-b14)
# Java VM: OpenJDK Server VM (24.79-b02 mixed mode linux-x86 )
Heap
 PSYoungGen      total 33536K, used 2544K [0x9db80000, 0xa0180000, 0xb3100000)
  eden space 30976K, 0% used [0x9db80000,0x9db80000,0x9f9c0000)
  from space 2560K, 99% used [0x9fc80000,0x9fefc010,0x9ff00000)
  to   space 2560K, 0% used [0x9ff00000,0x9ff00000,0xa0180000)
 ParOldGen       total 70400K, used 42524K [0x73100000, 0x775c0000, 0x9db80000)
  object space 70400K, 60% used [0x73100000,0x75a87250,0x775c0000)
 PSPermGen       total 16384K, used 3802K [0x6b100000, 0x6c100000, 0x73100000)
  object space 16384K, 23% used [0x6b100000,0x6b4b6ba8,0x6c100000)
GC Heap History (10 events):
Event: 6,287 GC heap after
Heap after GC invocations=1 (full 0):
 PSYoungGen      total 19456K, used 2556K [0x9db80000, 0x9f100000, 0xb3100000)
  eden space 16896K, 0% used [0x9db80000,0x9db80000,0x9ec00000)
  from space 2560K, 99% used [0x9ec00000,0x9ee7f208,0x9ee80000)
  to   space 2560K, 0% used [0x9ee80000,0x9ee80000,0x9f100000)
 ParOldGen       total 43520K, used 5317K [0x73100000, 0x75b80000, 0x9db80000)
  object space 43520K, 12% used [0x73100000,0x73631720,0x75b80000)
 PSPermGen       total 16384K, used 3740K [0x6b100000, 0x6c100000, 0x73100000)
  object space 16384K, 22% used [0x6b100000,0x6b4a7130,0x6c100000)
}
Event: 6,430 GC heap before
{Heap before GC invocations=2 (full 0):
 PSYoungGen      total 19456K, used 19452K [0x9db80000, 0x9f100000, 0xb3100000)
  eden space 16896K, 100% used [0x9db80000,0x9ec00000,0x9ec00000)
  from space 2560K, 99% used [0x9ec00000,0x9ee7f208,0x9ee80000)
  to   space 2560K, 0% used [0x9ee80000,0x9ee80000,0x9f100000)
 ParOldGen       total 43520K, used 5317K [0x73100000, 0x75b80000, 0x9db80000)
  object space 43520K, 12% used [0x73100000,0x73631720,0x75b80000)
 PSPermGen       total 16384K, used 3743K [0x6b100000, 0x6c100000, 0x73100000)
  object space 16384K, 22% used [0x6b100000,0x6b4a7df8,0x6c100000)
Event: 6,504 GC heap after
Heap after GC invocations=2 (full 0):
 PSYoungGen      total 19456K, used 2548K [0x9db80000, 0xa0180000, 0xb3100000)
  eden space 16896K, 0% used [0x9db80000,0x9db80000,0x9ec00000)
  from space 2560K, 99% used [0x9ee80000,0x9f0fd118,0x9f100000)
  to   space 2560K, 0% used [0x9ec00000,0x9ec00000,0x9ee80000)
 ParOldGen       total 43520K, used 22704K [0x73100000, 0x75b80000, 0x9db80000)
  object space 43520K, 52% used [0x73100000,0x7472c1c0,0x75b80000)
 PSPermGen       total 16384K, used 3743K [0x6b100000, 0x6c100000, 0x73100000)
  object space 16384K, 22% used [0x6b100000,0x6b4a7df8,0x6c100000)
}
Event: 6,638 GC heap before
{Heap before GC invocations=3 (full 0):
 PSYoungGen      total 19456K, used 19444K [0x9db80000, 0xa0180000, 0xb3100000)
  eden space 16896K, 100% used [0x9db80000,0x9ec00000,0x9ec00000)
  from space 2560K, 99% used [0x9ee80000,0x9f0fd118,0x9f100000)
  to   space 2560K, 0% used [0x9ec00000,0x9ec00000,0x9ee80000)
 ParOldGen       total 43520K, used 22704K [0x73100000, 0x75b80000, 0x9db80000)
  object space 43520K, 52% used [0x73100000,0x7472c1c0,0x75b80000)
 PSPermGen       total 16384K, used 3743K [0x6b100000, 0x6c100000, 0x73100000)
  object space 16384K, 22% used [0x6b100000,0x6b4a7df8,0x6c100000)
Event: 6,696 GC heap after
Heap after GC invocations=3 (full 0):
 PSYoungGen      total 19456K, used 2548K [0x9db80000, 0xa0180000, 0xb3100000)
  eden space 16896K, 0% used [0x9db80000,0x9db80000,0x9ec00000)
  from space 2560K, 99% used [0x9ec00000,0x9ee7d118,0x9ee80000)
  to   space 2560K, 0% used [0x9ff00000,0x9ff00000,0xa0180000)
 ParOldGen       total 43520K, used 36820K [0x73100000, 0x75b80000, 0x9db80000)
  object space 43520K, 84% used [0x73100000,0x754f51c0,0x75b80000)
 PSPermGen       total 16384K, used 3743K [0x6b100000, 0x6c100000, 0x73100000)
  object space 16384K, 22% used [0x6b100000,0x6b4a7df8,0x6c100000)
}
Event: 6,696 GC heap before
{Heap before GC invocations=4 (full 1):
 PSYoungGen      total 19456K, used 2548K [0x9db80000, 0xa0180000, 0xb3100000)
  eden space 16896K, 0% used [0x9db80000,0x9db80000,0x9ec00000)
  from space 2560K, 99% used [0x9ec00000,0x9ee7d118,0x9ee80000)
  to   space 2560K, 0% used [0x9ff00000,0x9ff00000,0xa0180000)
 ParOldGen       total 43520K, used 36820K [0x73100000, 0x75b80000, 0x9db80000)
  object space 43520K, 84% used [0x73100000,0x754f51c0,0x75b80000)
 PSPermGen       total 16384K, used 3743K [0x6b100000, 0x6c100000, 0x73100000)
  object space 16384K, 22% used [0x6b100000,0x6b4a7df8,0x6c100000)
Event: 6,948 GC heap after
Heap after GC invocations=4 (full 1):
 PSYoungGen      total 19456K, used 0K [0x9db80000, 0xa0180000, 0xb3100000)
  eden space 16896K, 0% used [0x9db80000,0x9db80000,0x9ec00000)
  from space 2560K, 0% used [0x9ec00000,0x9ec00000,0x9ee80000)
  to   space 2560K, 0% used [0x9ff00000,0x9ff00000,0xa0180000)
 ParOldGen       total 70400K, used 30680K [0x73100000, 0x775c0000, 0x9db80000)
  object space 70400K, 43% used [0x73100000,0x74ef6380,0x775c0000)
 PSPermGen       total 16384K, used 3742K [0x6b100000, 0x6c100000, 0x73100000)
  object space 16384K, 22% used [0x6b100000,0x6b4a7998,0x6c100000)
}
Event: 7,117 GC heap before
{Heap before GC invocations=5 (full 1):
 PSYoungGen      total 19456K, used 16896K [0x9db80000, 0xa0180000, 0xb3100000)
  eden space 16896K, 100% used [0x9db80000,0x9ec00000,0x9ec00000)
  from space 2560K, 0% used [0x9ec00000,0x9ec00000,0x9ee80000)
  to   space 2560K, 0% used [0x9ff00000,0x9ff00000,0xa0180000)
 ParOldGen       total 70400K, used 30680K [0x73100000, 0x775c0000, 0x9db80000)
  object space 70400K, 43% used [0x73100000,0x74ef6380,0x775c0000)
 PSPermGen       total 16384K, used 3745K [0x6b100000, 0x6c100000, 0x73100000)
  object space 16384K, 22% used [0x6b100000,0x6b4a84c0,0x6c100000)
Event: 7,144 GC heap after
Heap after GC invocations=5 (full 1):
 PSYoungGen      total 33536K, used 2560K [0x9db80000, 0xa0180000, 0xb3100000)
  eden space 30976K, 0% used [0x9db80000,0x9db80000,0x9f9c0000)
  from space 2560K, 100% used [0x9ff00000,0xa0180000,0xa0180000)
  to   space 2560K, 0% used [0x9fc80000,0x9fc80000,0x9ff00000)
 ParOldGen       total 70400K, used 37792K [0x73100000, 0x775c0000, 0x9db80000)
  object space 70400K, 53% used [0x73100000,0x755e8380,0x775c0000)
 PSPermGen       total 16384K, used 3745K [0x6b100000, 0x6c100000, 0x73100000)
  object space 16384K, 22% used [0x6b100000,0x6b4a84c0,0x6c100000)
}
Event: 12,248 GC heap before
{Heap before GC invocations=6 (full 1):
 PSYoungGen      total 33536K, used 33536K [0x9db80000, 0xa0180000, 0xb3100000)
  eden space 30976K, 100% used [0x9db80000,0x9f9c0000,0x9f9c0000)
  from space 2560K, 100% used [0x9ff00000,0xa0180000,0xa0180000)
  to   space 2560K, 0% used [0x9fc80000,0x9fc80000,0x9ff00000)
 ParOldGen       total 70400K, used 37792K [0x73100000, 0x775c0000, 0x9db80000)
  object space 70400K, 53% used [0x73100000,0x755e8380,0x775c0000)
 PSPermGen       total 16384K, used 3802K [0x6b100000, 0x6c100000, 0x73100000)
  object space 16384K, 23% used [0x6b100000,0x6b4b6ba8,0x6c100000)

