# JRE version: OpenJDK Runtime Environment (7.0_79-b14) (build 1.7.0_79-b14)
# Java VM: OpenJDK Server VM (24.79-b02 mixed mode linux-x86 )
Heap
 PSYoungGen      total 146432K, used 41712K [0x9dc40000, 0xaa040000, 0xb31c0000)
  eden space 104704K, 0% used [0x9dc40000,0x9dc40000,0xa4280000)
  from space 41728K, 99% used [0xa4280000,0xa6b3c3b0,0xa6b40000)
  to   space 45312K, 0% used [0xa6b40000,0xa6b40000,0xa9780000)
 ParOldGen       total 99072K, used 60855K [0x731c0000, 0x79280000, 0x9dc40000)
  object space 99072K, 61% used [0x731c0000,0x76d2dc50,0x79280000)
 PSPermGen       total 16384K, used 3913K [0x6b1c0000, 0x6c1c0000, 0x731c0000)
  object space 16384K, 23% used [0x6b1c0000,0x6b5927c0,0x6c1c0000)
GC Heap History (10 events):
Event: 4,021 GC heap after
Heap after GC invocations=4 (full 1):
 PSYoungGen      total 36352K, used 0K [0x9dc40000, 0xa2340000, 0xb31c0000)
  eden space 33792K, 0% used [0x9dc40000,0x9dc40000,0x9fd40000)
  from space 2560K, 0% used [0x9fd40000,0x9fd40000,0x9ffc0000)
  to   space 2560K, 0% used [0xa20c0000,0xa20c0000,0xa2340000)
 ParOldGen       total 89344K, used 37915K [0x731c0000, 0x78900000, 0x9dc40000)
  object space 89344K, 42% used [0x731c0000,0x756c6d30,0x78900000)
 PSPermGen       total 16384K, used 3745K [0x6b1c0000, 0x6c1c0000, 0x731c0000)
  object space 16384K, 22% used [0x6b1c0000,0x6b568788,0x6c1c0000)
}
Event: 6,354 GC heap before
{Heap before GC invocations=5 (full 1):
 PSYoungGen      total 36352K, used 33792K [0x9dc40000, 0xa2340000, 0xb31c0000)
  eden space 33792K, 100% used [0x9dc40000,0x9fd40000,0x9fd40000)
  from space 2560K, 0% used [0x9fd40000,0x9fd40000,0x9ffc0000)
  to   space 2560K, 0% used [0xa20c0000,0xa20c0000,0xa2340000)
 ParOldGen       total 89344K, used 37915K [0x731c0000, 0x78900000, 0x9dc40000)
  object space 89344K, 42% used [0x731c0000,0x756c6d30,0x78900000)
 PSPermGen       total 16384K, used 3803K [0x6b1c0000, 0x6c1c0000, 0x731c0000)
  object space 16384K, 23% used [0x6b1c0000,0x6b576c18,0x6c1c0000)
Event: 6,388 GC heap after
Heap after GC invocations=5 (full 1):
 PSYoungGen      total 61952K, used 2544K [0x9dc40000, 0xa2340000, 0xb31c0000)
  eden space 59392K, 0% used [0x9dc40000,0x9dc40000,0xa1640000)
  from space 2560K, 99% used [0xa20c0000,0xa233c010,0xa2340000)
  to   space 2560K, 0% used [0xa1e40000,0xa1e40000,0xa20c0000)
 ParOldGen       total 89344K, used 39779K [0x731c0000, 0x78900000, 0x9dc40000)
  object space 89344K, 44% used [0x731c0000,0x75898c00,0x78900000)
 PSPermGen       total 16384K, used 3803K [0x6b1c0000, 0x6c1c0000, 0x731c0000)
  object space 16384K, 23% used [0x6b1c0000,0x6b576c18,0x6c1c0000)
}
Event: 12,244 GC heap before
{Heap before GC invocations=6 (full 1):
 PSYoungGen      total 61952K, used 61936K [0x9dc40000, 0xa2340000, 0xb31c0000)
  eden space 59392K, 100% used [0x9dc40000,0xa1640000,0xa1640000)
  from space 2560K, 99% used [0xa20c0000,0xa233c010,0xa2340000)
  to   space 2560K, 0% used [0xa1e40000,0xa1e40000,0xa20c0000)
 ParOldGen       total 89344K, used 39779K [0x731c0000, 0x78900000, 0x9dc40000)
  object space 89344K, 44% used [0x731c0000,0x75898c00,0x78900000)
 PSPermGen       total 16384K, used 3906K [0x6b1c0000, 0x6c1c0000, 0x731c0000)
  object space 16384K, 23% used [0x6b1c0000,0x6b590800,0x6c1c0000)
Event: 12,371 GC heap after
Heap after GC invocations=6 (full 1):
 PSYoungGen      total 70144K, used 2553K [0x9dc40000, 0xa9780000, 0xb31c0000)
  eden space 67584K, 0% used [0x9dc40000,0x9dc40000,0xa1e40000)
  from space 2560K, 99% used [0xa1e40000,0xa20be420,0xa20c0000)
  to   space 45312K, 0% used [0xa6b40000,0xa6b40000,0xa9780000)
 ParOldGen       total 89344K, used 74335K [0x731c0000, 0x78900000, 0x9dc40000)
  object space 89344K, 83% used [0x731c0000,0x77a57de8,0x78900000)
 PSPermGen       total 16384K, used 3906K [0x6b1c0000, 0x6c1c0000, 0x731c0000)
  object space 16384K, 23% used [0x6b1c0000,0x6b590800,0x6c1c0000)
}
Event: 12,371 GC heap before
{Heap before GC invocations=7 (full 2):
 PSYoungGen      total 70144K, used 2553K [0x9dc40000, 0xa9780000, 0xb31c0000)
  eden space 67584K, 0% used [0x9dc40000,0x9dc40000,0xa1e40000)
  from space 2560K, 99% used [0xa1e40000,0xa20be420,0xa20c0000)
  to   space 45312K, 0% used [0xa6b40000,0xa6b40000,0xa9780000)
 ParOldGen       total 89344K, used 74335K [0x731c0000, 0x78900000, 0x9dc40000)
  object space 89344K, 83% used [0x731c0000,0x77a57de8,0x78900000)
 PSPermGen       total 16384K, used 3906K [0x6b1c0000, 0x6c1c0000, 0x731c0000)
  object space 16384K, 23% used [0x6b1c0000,0x6b590800,0x6c1c0000)
Event: 12,625 GC heap after
Heap after GC invocations=7 (full 2):
 PSYoungGen      total 70144K, used 0K [0x9dc40000, 0xa9780000, 0xb31c0000)
  eden space 67584K, 0% used [0x9dc40000,0x9dc40000,0xa1e40000)
  from space 2560K, 0% used [0xa1e40000,0xa1e40000,0xa20c0000)
  to   space 45312K, 0% used [0xa6b40000,0xa6b40000,0xa9780000)
 ParOldGen       total 99072K, used 30868K [0x731c0000, 0x79280000, 0x9dc40000)
  object space 99072K, 31% used [0x731c0000,0x74fe5098,0x79280000)
 PSPermGen       total 16384K, used 3905K [0x6b1c0000, 0x6c1c0000, 0x731c0000)
  object space 16384K, 23% used [0x6b1c0000,0x6b5906b0,0x6c1c0000)
}
Event: 13,680 GC heap before
{Heap before GC invocations=8 (full 2):
 PSYoungGen      total 70144K, used 67584K [0x9dc40000, 0xa9780000, 0xb31c0000)
  eden space 67584K, 100% used [0x9dc40000,0xa1e40000,0xa1e40000)
  from space 2560K, 0% used [0xa1e40000,0xa1e40000,0xa20c0000)
  to   space 45312K, 0% used [0xa6b40000,0xa6b40000,0xa9780000)
 ParOldGen       total 99072K, used 30868K [0x731c0000, 0x79280000, 0x9dc40000)
  object space 99072K, 31% used [0x731c0000,0x74fe5098,0x79280000)
 PSPermGen       total 16384K, used 3906K [0x6b1c0000, 0x6c1c0000, 0x731c0000)
  object space 16384K, 23% used [0x6b1c0000,0x6b590aa0,0x6c1c0000)
Event: 13,741 GC heap after
Heap after GC invocations=8 (full 2):
 PSYoungGen      total 150016K, used 20033K [0x9dc40000, 0xaa040000, 0xb31c0000)
  eden space 104704K, 0% used [0x9dc40000,0x9dc40000,0xa4280000)
  from space 45312K, 44% used [0xa6b40000,0xa7ed0698,0xa9780000)
  to   space 41728K, 0% used [0xa4280000,0xa4280000,0xa6b40000)
 ParOldGen       total 99072K, used 30868K [0x731c0000, 0x79280000, 0x9dc40000)
  object space 99072K, 31% used [0x731c0000,0x74fe5098,0x79280000)
 PSPermGen       total 16384K, used 3906K [0x6b1c0000, 0x6c1c0000, 0x731c0000)
  object space 16384K, 23% used [0x6b1c0000,0x6b590aa0,0x6c1c0000)
}
Event: 16,444 GC heap before
{Heap before GC invocations=9 (full 2):
 PSYoungGen      total 150016K, used 124737K [0x9dc40000, 0xaa040000, 0xb31c0000)
  eden space 104704K, 100% used [0x9dc40000,0xa4280000,0xa4280000)
  from space 45312K, 44% used [0xa6b40000,0xa7ed0698,0xa9780000)
  to   space 41728K, 0% used [0xa4280000,0xa4280000,0xa6b40000)
 ParOldGen       total 99072K, used 30868K [0x731c0000, 0x79280000, 0x9dc40000)
  object space 99072K, 31% used [0x731c0000,0x74fe5098,0x79280000)
 PSPermGen       total 16384K, used 3913K [0x6b1c0000, 0x6c1c0000, 0x731c0000)
  object space 16384K, 23% used [0x6b1c0000,0x6b5927c0,0x6c1c0000)

