# JRE version: OpenJDK Runtime Environment (7.0_79-b14) (build 1.7.0_79-b14)
# Java VM: OpenJDK Server VM (24.79-b02 mixed mode linux-x86 )
Heap
 PSYoungGen      total 125184K, used 39668K [0x9dbc0000, 0xa7cc0000, 0xb3140000)
  eden space 85504K, 0% used [0x9dbc0000,0x9dbc0000,0xa2f40000)
  from space 39680K, 99% used [0xa2f40000,0xa55fd090,0xa5600000)
  to   space 37120K, 0% used [0xa5880000,0xa5880000,0xa7cc0000)
 ParOldGen       total 99328K, used 58612K [0x73140000, 0x79240000, 0x9dbc0000)
  object space 99328K, 59% used [0x73140000,0x76a7d120,0x79240000)
 PSPermGen       total 16384K, used 3913K [0x6b140000, 0x6c140000, 0x73140000)
  object space 16384K, 23% used [0x6b140000,0x6b512710,0x6c140000)
GC Heap History (10 events):
Event: 6,147 GC heap after
Heap after GC invocations=6 (full 1):
 PSYoungGen      total 36352K, used 2544K [0x9dbc0000, 0xa3900000, 0xb3140000)
  eden space 33792K, 0% used [0x9dbc0000,0x9dbc0000,0x9fcc0000)
  from space 2560K, 99% used [0x9fcc0000,0x9ff3c010,0x9ff40000)
  to   space 22272K, 0% used [0xa2340000,0xa2340000,0xa3900000)
 ParOldGen       total 70912K, used 42034K [0x73140000, 0x77680000, 0x9dbc0000)
  object space 70912K, 59% used [0x73140000,0x75a4cb88,0x77680000)
 PSPermGen       total 16384K, used 3802K [0x6b140000, 0x6c140000, 0x73140000)
  object space 16384K, 23% used [0x6b140000,0x6b4f69d8,0x6c140000)
}
Event: 8,565 GC heap before
{Heap before GC invocations=7 (full 1):
 PSYoungGen      total 36352K, used 36336K [0x9dbc0000, 0xa3900000, 0xb3140000)
  eden space 33792K, 100% used [0x9dbc0000,0x9fcc0000,0x9fcc0000)
  from space 2560K, 99% used [0x9fcc0000,0x9ff3c010,0x9ff40000)
  to   space 22272K, 0% used [0xa2340000,0xa2340000,0xa3900000)
 ParOldGen       total 70912K, used 42034K [0x73140000, 0x77680000, 0x9dbc0000)
  object space 70912K, 59% used [0x73140000,0x75a4cb88,0x77680000)
 PSPermGen       total 16384K, used 3903K [0x6b140000, 0x6c140000, 0x73140000)
  object space 16384K, 23% used [0x6b140000,0x6b50fc38,0x6c140000)
Event: 8,771 GC heap after
Heap after GC invocations=7 (full 1):
 PSYoungGen      total 74240K, used 10191K [0x9dbc0000, 0xa3dc0000, 0xb3140000)
  eden space 51968K, 0% used [0x9dbc0000,0x9dbc0000,0xa0e80000)
  from space 22272K, 45% used [0xa2340000,0xa2d33c20,0xa3900000)
  to   space 21248K, 0% used [0xa0e80000,0xa0e80000,0xa2340000)
 ParOldGen       total 70912K, used 42034K [0x73140000, 0x77680000, 0x9dbc0000)
  object space 70912K, 59% used [0x73140000,0x75a4cb88,0x77680000)
 PSPermGen       total 16384K, used 3903K [0x6b140000, 0x6c140000, 0x73140000)
  object space 16384K, 23% used [0x6b140000,0x6b50fc38,0x6c140000)
}
Event: 11,809 GC heap before
{Heap before GC invocations=8 (full 1):
 PSYoungGen      total 74240K, used 62159K [0x9dbc0000, 0xa3dc0000, 0xb3140000)
  eden space 51968K, 100% used [0x9dbc0000,0xa0e80000,0xa0e80000)
  from space 22272K, 45% used [0xa2340000,0xa2d33c20,0xa3900000)
  to   space 21248K, 0% used [0xa0e80000,0xa0e80000,0xa2340000)
 ParOldGen       total 70912K, used 42034K [0x73140000, 0x77680000, 0x9dbc0000)
  object space 70912K, 59% used [0x73140000,0x75a4cb88,0x77680000)
 PSPermGen       total 16384K, used 3906K [0x6b140000, 0x6c140000, 0x73140000)
  object space 16384K, 23% used [0x6b140000,0x6b510858,0x6c140000)
Event: 11,947 GC heap after
Heap after GC invocations=8 (full 1):
 PSYoungGen      total 73216K, used 21232K [0x9dbc0000, 0xa7fc0000, 0xb3140000)
  eden space 51968K, 0% used [0x9dbc0000,0x9dbc0000,0xa0e80000)
  from space 21248K, 99% used [0xa0e80000,0xa233c240,0xa2340000)
  to   space 40192K, 0% used [0xa5880000,0xa5880000,0xa7fc0000)
 ParOldGen       total 73472K, used 73099K [0x73140000, 0x77900000, 0x9dbc0000)
  object space 73472K, 99% used [0x73140000,0x778a2e20,0x77900000)
 PSPermGen       total 16384K, used 3906K [0x6b140000, 0x6c140000, 0x73140000)
  object space 16384K, 23% used [0x6b140000,0x6b510858,0x6c140000)
}
Event: 11,947 GC heap before
{Heap before GC invocations=9 (full 2):
 PSYoungGen      total 73216K, used 21232K [0x9dbc0000, 0xa7fc0000, 0xb3140000)
  eden space 51968K, 0% used [0x9dbc0000,0x9dbc0000,0xa0e80000)
  from space 21248K, 99% used [0xa0e80000,0xa233c240,0xa2340000)
  to   space 40192K, 0% used [0xa5880000,0xa5880000,0xa7fc0000)
 ParOldGen       total 73472K, used 73099K [0x73140000, 0x77900000, 0x9dbc0000)
  object space 73472K, 99% used [0x73140000,0x778a2e20,0x77900000)
 PSPermGen       total 16384K, used 3906K [0x6b140000, 0x6c140000, 0x73140000)
  object space 16384K, 23% used [0x6b140000,0x6b510858,0x6c140000)
Event: 12,195 GC heap after
Heap after GC invocations=9 (full 2):
 PSYoungGen      total 73216K, used 0K [0x9dbc0000, 0xa7fc0000, 0xb3140000)
  eden space 51968K, 0% used [0x9dbc0000,0x9dbc0000,0xa0e80000)
  from space 21248K, 0% used [0xa0e80000,0xa0e80000,0xa2340000)
  to   space 40192K, 0% used [0xa5880000,0xa5880000,0xa7fc0000)
 ParOldGen       total 99328K, used 43964K [0x73140000, 0x79240000, 0x9dbc0000)
  object space 99328K, 44% used [0x73140000,0x75c2f120,0x79240000)
 PSPermGen       total 16384K, used 3905K [0x6b140000, 0x6c140000, 0x73140000)
  object space 16384K, 23% used [0x6b140000,0x6b510718,0x6c140000)
}
Event: 13,413 GC heap before
{Heap before GC invocations=10 (full 2):
 PSYoungGen      total 73216K, used 51968K [0x9dbc0000, 0xa7fc0000, 0xb3140000)
  eden space 51968K, 100% used [0x9dbc0000,0xa0e80000,0xa0e80000)
  from space 21248K, 0% used [0xa0e80000,0xa0e80000,0xa2340000)
  to   space 40192K, 0% used [0xa5880000,0xa5880000,0xa7fc0000)
 ParOldGen       total 99328K, used 43964K [0x73140000, 0x79240000, 0x9dbc0000)
  object space 99328K, 44% used [0x73140000,0x75c2f120,0x79240000)
 PSPermGen       total 16384K, used 3907K [0x6b140000, 0x6c140000, 0x73140000)
  object space 16384K, 23% used [0x6b140000,0x6b510c30,0x6c140000)
Event: 13,435 GC heap after
Heap after GC invocations=10 (full 2):
 PSYoungGen      total 122624K, used 6620K [0x9dbc0000, 0xa7cc0000, 0xb3140000)
  eden space 85504K, 0% used [0x9dbc0000,0x9dbc0000,0xa2f40000)
  from space 37120K, 17% used [0xa5880000,0xa5ef7118,0xa7cc0000)
  to   space 39680K, 0% used [0xa2f40000,0xa2f40000,0xa5600000)
 ParOldGen       total 99328K, used 43964K [0x73140000, 0x79240000, 0x9dbc0000)
  object space 99328K, 44% used [0x73140000,0x75c2f120,0x79240000)
 PSPermGen       total 16384K, used 3907K [0x6b140000, 0x6c140000, 0x73140000)
  object space 16384K, 23% used [0x6b140000,0x6b510c30,0x6c140000)
}
Event: 15,161 GC heap before
{Heap before GC invocations=11 (full 2):
 PSYoungGen      total 122624K, used 92124K [0x9dbc0000, 0xa7cc0000, 0xb3140000)
  eden space 85504K, 100% used [0x9dbc0000,0xa2f40000,0xa2f40000)
  from space 37120K, 17% used [0xa5880000,0xa5ef7118,0xa7cc0000)
  to   space 39680K, 0% used [0xa2f40000,0xa2f40000,0xa5600000)
 ParOldGen       total 99328K, used 43964K [0x73140000, 0x79240000, 0x9dbc0000)
  object space 99328K, 44% used [0x73140000,0x75c2f120,0x79240000)
 PSPermGen       total 16384K, used 3913K [0x6b140000, 0x6c140000, 0x73140000)
  object space 16384K, 23% used [0x6b140000,0x6b512710,0x6c140000)

