# JRE version: OpenJDK Runtime Environment (7.0_79-b14) (build 1.7.0_79-b14)
# Java VM: OpenJDK Server VM (24.79-b02 mixed mode linux-x86 )
Heap
 PSYoungGen      total 19456K, used 2559K [0x9db80000, 0x9f100000, 0xb3100000)
  eden space 16896K, 0% used [0x9db80000,0x9db80000,0x9ec00000)
  from space 2560K, 99% used [0x9ec00000,0x9ee7fd50,0x9ee80000)
  to   space 2560K, 0% used [0x9ee80000,0x9ee80000,0x9f100000)
 ParOldGen       total 43520K, used 6528K [0x73100000, 0x75b80000, 0x9db80000)
  object space 43520K, 15% used [0x73100000,0x73760038,0x75b80000)
 PSPermGen       total 16384K, used 3907K [0x6b100000, 0x6c100000, 0x73100000)
  object space 16384K, 23% used [0x6b100000,0x6b4d0f90,0x6c100000)
GC Heap History (5 events):
Event: 4,390 GC heap before
{Heap before GC invocations=1 (full 0):
 PSYoungGen      total 19456K, used 16896K [0x9db80000, 0x9f100000, 0xb3100000)
  eden space 16896K, 100% used [0x9db80000,0x9ec00000,0x9ec00000)
  from space 2560K, 0% used [0x9ee80000,0x9ee80000,0x9f100000)
  to   space 2560K, 0% used [0x9ec00000,0x9ec00000,0x9ee80000)
 ParOldGen       total 43520K, used 0K [0x73100000, 0x75b80000, 0x9db80000)
  object space 43520K, 0% used [0x73100000,0x73100000,0x75b80000)
 PSPermGen       total 16384K, used 3818K [0x6b100000, 0x6c100000, 0x73100000)
  object space 16384K, 23% used [0x6b100000,0x6b4baac8,0x6c100000)
Event: 4,405 GC heap after
Heap after GC invocations=1 (full 0):
 PSYoungGen      total 19456K, used 2548K [0x9db80000, 0x9f100000, 0xb3100000)
  eden space 16896K, 0% used [0x9db80000,0x9db80000,0x9ec00000)
  from space 2560K, 99% used [0x9ec00000,0x9ee7d308,0x9ee80000)
  to   space 2560K, 0% used [0x9ee80000,0x9ee80000,0x9f100000)
 ParOldGen       total 43520K, used 1341K [0x73100000, 0x75b80000, 0x9db80000)
  object space 43520K, 3% used [0x73100000,0x7324f5e8,0x75b80000)
 PSPermGen       total 16384K, used 3818K [0x6b100000, 0x6c100000, 0x73100000)
  object space 16384K, 23% used [0x6b100000,0x6b4baac8,0x6c100000)
}
Event: 8,274 GC heap before
{Heap before GC invocations=2 (full 0):
 PSYoungGen      total 19456K, used 19444K [0x9db80000, 0x9f100000, 0xb3100000)
  eden space 16896K, 100% used [0x9db80000,0x9ec00000,0x9ec00000)
  from space 2560K, 99% used [0x9ec00000,0x9ee7d308,0x9ee80000)
  to   space 2560K, 0% used [0x9ee80000,0x9ee80000,0x9f100000)
 ParOldGen       total 43520K, used 1341K [0x73100000, 0x75b80000, 0x9db80000)
  object space 43520K, 3% used [0x73100000,0x7324f5e8,0x75b80000)
 PSPermGen       total 16384K, used 3891K [0x6b100000, 0x6c100000, 0x73100000)
  object space 16384K, 23% used [0x6b100000,0x6b4ccc00,0x6c100000)
Event: 8,322 GC heap after
Heap after GC invocations=2 (full 0):
 PSYoungGen      total 19456K, used 2544K [0x9db80000, 0x9f100000, 0xb3100000)
  eden space 16896K, 0% used [0x9db80000,0x9db80000,0x9ec00000)
  from space 2560K, 99% used [0x9ee80000,0x9f0fc3c8,0x9f100000)
  to   space 2560K, 0% used [0x9ec00000,0x9ec00000,0x9ee80000)
 ParOldGen       total 43520K, used 3999K [0x73100000, 0x75b80000, 0x9db80000)
  object space 43520K, 9% used [0x73100000,0x734e7e38,0x75b80000)
 PSPermGen       total 16384K, used 3891K [0x6b100000, 0x6c100000, 0x73100000)
  object space 16384K, 23% used [0x6b100000,0x6b4ccc00,0x6c100000)
}
Event: 12,191 GC heap before
{Heap before GC invocations=3 (full 0):
 PSYoungGen      total 19456K, used 19440K [0x9db80000, 0x9f100000, 0xb3100000)
  eden space 16896K, 100% used [0x9db80000,0x9ec00000,0x9ec00000)
  from space 2560K, 99% used [0x9ee80000,0x9f0fc3c8,0x9f100000)
  to   space 2560K, 0% used [0x9ec00000,0x9ec00000,0x9ee80000)
 ParOldGen       total 43520K, used 3999K [0x73100000, 0x75b80000, 0x9db80000)
  object space 43520K, 9% used [0x73100000,0x734e7e38,0x75b80000)
 PSPermGen       total 16384K, used 3907K [0x6b100000, 0x6c100000, 0x73100000)
  object space 16384K, 23% used [0x6b100000,0x6b4d0f90,0x6c100000)

