# JRE version: OpenJDK Runtime Environment (7.0_79-b14) (build 1.7.0_79-b14)
# Java VM: OpenJDK Server VM (24.79-b02 mixed mode linux-x86 )
Heap
 PSYoungGen      total 143872K, used 9206K [0x9dc40000, 0xa7240000, 0xb31c0000)
  eden space 134656K, 0% used [0x9dc40000,0x9dc40000,0xa5fc0000)
  from space 9216K, 99% used [0xa5fc0000,0xa68bdb40,0xa68c0000)
  to   space 8704K, 0% used [0xa68c0000,0xa68c0000,0xa7140000)
 ParOldGen       total 43520K, used 32613K [0x731c0000, 0x75c40000, 0x9dc40000)
  object space 43520K, 74% used [0x731c0000,0x751994b0,0x75c40000)
 PSPermGen       total 16384K, used 4864K [0x6b1c0000, 0x6c1c0000, 0x731c0000)
  object space 16384K, 29% used [0x6b1c0000,0x6b680268,0x6c1c0000)
GC Heap History (10 events):
Event: 2,331 GC heap after
Heap after GC invocations=4 (full 0):
 PSYoungGen      total 36352K, used 2554K [0x9dc40000, 0xa0240000, 0xb31c0000)
  eden space 33792K, 0% used [0x9dc40000,0x9dc40000,0x9fd40000)
  from space 2560K, 99% used [0x9ffc0000,0xa023eac8,0xa0240000)
  to   space 2560K, 0% used [0x9fd40000,0x9fd40000,0x9ffc0000)
 ParOldGen       total 43520K, used 16040K [0x731c0000, 0x75c40000, 0x9dc40000)
  object space 43520K, 36% used [0x731c0000,0x7416a110,0x75c40000)
 PSPermGen       total 16384K, used 4746K [0x6b1c0000, 0x6c1c0000, 0x731c0000)
  object space 16384K, 28% used [0x6b1c0000,0x6b6628c8,0x6c1c0000)
}
Event: 2,719 GC heap before
{Heap before GC invocations=5 (full 0):
 PSYoungGen      total 36352K, used 36346K [0x9dc40000, 0xa0240000, 0xb31c0000)
  eden space 33792K, 100% used [0x9dc40000,0x9fd40000,0x9fd40000)
  from space 2560K, 99% used [0x9ffc0000,0xa023eac8,0xa0240000)
  to   space 2560K, 0% used [0x9fd40000,0x9fd40000,0x9ffc0000)
 ParOldGen       total 43520K, used 16040K [0x731c0000, 0x75c40000, 0x9dc40000)
  object space 43520K, 36% used [0x731c0000,0x7416a110,0x75c40000)
 PSPermGen       total 16384K, used 4781K [0x6b1c0000, 0x6c1c0000, 0x731c0000)
  object space 16384K, 29% used [0x6b1c0000,0x6b66b650,0x6c1c0000)
Event: 2,746 GC heap after
Heap after GC invocations=5 (full 0):
 PSYoungGen      total 36352K, used 2550K [0x9dc40000, 0xa2f40000, 0xb31c0000)
  eden space 33792K, 0% used [0x9dc40000,0x9dc40000,0x9fd40000)
  from space 2560K, 99% used [0x9fd40000,0x9ffbdaf8,0x9ffc0000)
  to   space 8704K, 0% used [0xa26c0000,0xa26c0000,0xa2f40000)
 ParOldGen       total 43520K, used 19380K [0x731c0000, 0x75c40000, 0x9dc40000)
  object space 43520K, 44% used [0x731c0000,0x744ad298,0x75c40000)
 PSPermGen       total 16384K, used 4781K [0x6b1c0000, 0x6c1c0000, 0x731c0000)
  object space 16384K, 29% used [0x6b1c0000,0x6b66b650,0x6c1c0000)
}
Event: 3,022 GC heap before
{Heap before GC invocations=6 (full 0):
 PSYoungGen      total 36352K, used 36342K [0x9dc40000, 0xa2f40000, 0xb31c0000)
  eden space 33792K, 100% used [0x9dc40000,0x9fd40000,0x9fd40000)
  from space 2560K, 99% used [0x9fd40000,0x9ffbdaf8,0x9ffc0000)
  to   space 8704K, 0% used [0xa26c0000,0xa26c0000,0xa2f40000)
 ParOldGen       total 43520K, used 19380K [0x731c0000, 0x75c40000, 0x9dc40000)
  object space 43520K, 44% used [0x731c0000,0x744ad298,0x75c40000)
 PSPermGen       total 16384K, used 4788K [0x6b1c0000, 0x6c1c0000, 0x731c0000)
  object space 16384K, 29% used [0x6b1c0000,0x6b66d3e8,0x6c1c0000)
Event: 3,092 GC heap after
Heap after GC invocations=6 (full 0):
 PSYoungGen      total 75776K, used 5633K [0x9dc40000, 0xa2ec0000, 0xb31c0000)
  eden space 67584K, 0% used [0x9dc40000,0x9dc40000,0xa1e40000)
  from space 8192K, 68% used [0xa26c0000,0xa2c40538,0xa2ec0000)
  to   space 8448K, 0% used [0xa1e40000,0xa1e40000,0xa2680000)
 ParOldGen       total 43520K, used 19380K [0x731c0000, 0x75c40000, 0x9dc40000)
  object space 43520K, 44% used [0x731c0000,0x744ad298,0x75c40000)
 PSPermGen       total 16384K, used 4788K [0x6b1c0000, 0x6c1c0000, 0x731c0000)
  object space 16384K, 29% used [0x6b1c0000,0x6b66d3e8,0x6c1c0000)
}
Event: 3,423 GC heap before
{Heap before GC invocations=7 (full 0):
 PSYoungGen      total 75776K, used 73217K [0x9dc40000, 0xa2ec0000, 0xb31c0000)
  eden space 67584K, 100% used [0x9dc40000,0xa1e40000,0xa1e40000)
  from space 8192K, 68% used [0xa26c0000,0xa2c40538,0xa2ec0000)
  to   space 8448K, 0% used [0xa1e40000,0xa1e40000,0xa2680000)
 ParOldGen       total 43520K, used 19380K [0x731c0000, 0x75c40000, 0x9dc40000)
  object space 43520K, 44% used [0x731c0000,0x744ad298,0x75c40000)
 PSPermGen       total 16384K, used 4857K [0x6b1c0000, 0x6c1c0000, 0x731c0000)
  object space 16384K, 29% used [0x6b1c0000,0x6b67e590,0x6c1c0000)
Event: 3,442 GC heap after
Heap after GC invocations=7 (full 0):
 PSYoungGen      total 76032K, used 7505K [0x9dc40000, 0xa7140000, 0xb31c0000)
  eden space 67584K, 0% used [0x9dc40000,0x9dc40000,0xa1e40000)
  from space 8448K, 88% used [0xa1e40000,0xa25947e8,0xa2680000)
  to   space 8704K, 0% used [0xa68c0000,0xa68c0000,0xa7140000)
 ParOldGen       total 43520K, used 23137K [0x731c0000, 0x75c40000, 0x9dc40000)
  object space 43520K, 53% used [0x731c0000,0x74858650,0x75c40000)
 PSPermGen       total 16384K, used 4857K [0x6b1c0000, 0x6c1c0000, 0x731c0000)
  object space 16384K, 29% used [0x6b1c0000,0x6b67e590,0x6c1c0000)
}
Event: 3,654 GC heap before
{Heap before GC invocations=8 (full 0):
 PSYoungGen      total 76032K, used 75089K [0x9dc40000, 0xa7140000, 0xb31c0000)
  eden space 67584K, 100% used [0x9dc40000,0xa1e40000,0xa1e40000)
  from space 8448K, 88% used [0xa1e40000,0xa25947e8,0xa2680000)
  to   space 8704K, 0% used [0xa68c0000,0xa68c0000,0xa7140000)
 ParOldGen       total 43520K, used 23137K [0x731c0000, 0x75c40000, 0x9dc40000)
  object space 43520K, 53% used [0x731c0000,0x74858650,0x75c40000)
 PSPermGen       total 16384K, used 4858K [0x6b1c0000, 0x6c1c0000, 0x731c0000)
  object space 16384K, 29% used [0x6b1c0000,0x6b67e838,0x6c1c0000)
Event: 3,670 GC heap after
Heap after GC invocations=8 (full 0):
 PSYoungGen      total 143360K, used 8071K [0x9dc40000, 0xa7240000, 0xb31c0000)
  eden space 134656K, 0% used [0x9dc40000,0x9dc40000,0xa5fc0000)
  from space 8704K, 92% used [0xa68c0000,0xa70a1f18,0xa7140000)
  to   space 9216K, 0% used [0xa5fc0000,0xa5fc0000,0xa68c0000)
 ParOldGen       total 43520K, used 31998K [0x731c0000, 0x75c40000, 0x9dc40000)
  object space 43520K, 73% used [0x731c0000,0x750ff8b8,0x75c40000)
 PSPermGen       total 16384K, used 4858K [0x6b1c0000, 0x6c1c0000, 0x731c0000)
  object space 16384K, 29% used [0x6b1c0000,0x6b67e838,0x6c1c0000)
}
Event: 3,998 GC heap before
{Heap before GC invocations=9 (full 0):
 PSYoungGen      total 143360K, used 142727K [0x9dc40000, 0xa7240000, 0xb31c0000)
  eden space 134656K, 100% used [0x9dc40000,0xa5fc0000,0xa5fc0000)
  from space 8704K, 92% used [0xa68c0000,0xa70a1f18,0xa7140000)
  to   space 9216K, 0% used [0xa5fc0000,0xa5fc0000,0xa68c0000)
 ParOldGen       total 43520K, used 31998K [0x731c0000, 0x75c40000, 0x9dc40000)
  object space 43520K, 73% used [0x731c0000,0x750ff8b8,0x75c40000)
 PSPermGen       total 16384K, used 4864K [0x6b1c0000, 0x6c1c0000, 0x731c0000)
  object space 16384K, 29% used [0x6b1c0000,0x6b680268,0x6c1c0000)

